The target system is: freertosstm32 -  - arm
The host system is: Linux - 6.2.0-26-generic - x86_64
Compiling the C compiler identification source file "CMakeCCompilerId.c" succeeded.
Compiler: /opt/tools/bin/arm-none-eabi-gcc 
Build flags: 
Id flags: -c 

The output was:
0


Compilation of the C compiler identification source "CMakeCCompilerId.c" produced "CMakeCCompilerId.o"

The C compiler identification is GNU, found in "/home/fp2admin/STM32CubeIDE/workv101/BLINKFTOSv100/bftosv100/mstarch-tmp/CMakeFiles/3.22.1/CompilerIdC/CMakeCCompilerId.o"

Compiling the CXX compiler identification source file "CMakeCXXCompilerId.cpp" succeeded.
Compiler: /opt/tools/bin/arm-none-eabi-g++ 
Build flags: 
Id flags: -c 

The output was:
0


Compilation of the CXX compiler identification source "CMakeCXXCompilerId.cpp" produced "CMakeCXXCompilerId.o"

The CXX compiler identification is GNU, found in "/home/fp2admin/STM32CubeIDE/workv101/BLINKFTOSv100/bftosv100/mstarch-tmp/CMakeFiles/3.22.1/CompilerIdCXX/CMakeCXXCompilerId.o"

Detecting C compiler ABI info compiled with the following output:
Change Dir: /home/fp2admin/STM32CubeIDE/workv101/BLINKFTOSv100/bftosv100/mstarch-tmp/CMakeFiles/CMakeTmp

Run Build Command(s):/usr/bin/gmake -f Makefile cmTC_24245/fast && /usr/bin/gmake  -f CMakeFiles/cmTC_24245.dir/build.make CMakeFiles/cmTC_24245.dir/build
gmake[1]: Entering directory '/home/fp2admin/STM32CubeIDE/workv101/BLINKFTOSv100/bftosv100/mstarch-tmp/CMakeFiles/CMakeTmp'
Building C object CMakeFiles/cmTC_24245.dir/CMakeCCompilerABI.c.obj
/opt/tools/bin/arm-none-eabi-gcc   -v -o CMakeFiles/cmTC_24245.dir/CMakeCCompilerABI.c.obj -c /usr/share/cmake-3.22/Modules/CMakeCCompilerABI.c
Using built-in specs.
COLLECT_GCC=/opt/tools/bin/arm-none-eabi-gcc
Target: arm-none-eabi
Configured with: /build/gnu-tools-for-stm32_10.3-2021.10.20211105-1100/src/gcc/configure --target=arm-none-eabi --prefix=/build/gnu-tools-for-stm32_10.3-2021.10.20211105-1100/install-native --libexecdir=/build/gnu-tools-for-stm32_10.3-2021.10.20211105-1100/install-native/lib --infodir=/build/gnu-tools-for-stm32_10.3-2021.10.20211105-1100/install-native/share/doc/gcc-arm-none-eabi/info --mandir=/build/gnu-tools-for-stm32_10.3-2021.10.20211105-1100/install-native/share/doc/gcc-arm-none-eabi/man --htmldir=/build/gnu-tools-for-stm32_10.3-2021.10.20211105-1100/install-native/share/doc/gcc-arm-none-eabi/html --pdfdir=/build/gnu-tools-for-stm32_10.3-2021.10.20211105-1100/install-native/share/doc/gcc-arm-none-eabi/pdf --enable-languages=c,c++ --enable-plugins --disable-decimal-float --disable-libffi --disable-libgomp --disable-libmudflap --disable-libquadmath --disable-libssp --disable-libstdcxx-pch --disable-nls --disable-shared --disable-threads --disable-tls --with-gnu-as --with-gnu-ld --with-newlib --with-headers=yes --with-python-dir=share/gcc-arm-none-eabi --with-sysroot=/build/gnu-tools-for-stm32_10.3-2021.10.20211105-1100/install-native/arm-none-eabi --build=x86_64-linux-gnu --host=x86_64-linux-gnu --with-gmp=/build/gnu-tools-for-stm32_10.3-2021.10.20211105-1100/build-native/host-libs/usr --with-mpfr=/build/gnu-tools-for-stm32_10.3-2021.10.20211105-1100/build-native/host-libs/usr --with-mpc=/build/gnu-tools-for-stm32_10.3-2021.10.20211105-1100/build-native/host-libs/usr --with-isl=/build/gnu-tools-for-stm32_10.3-2021.10.20211105-1100/build-native/host-libs/usr --with-libelf=/build/gnu-tools-for-stm32_10.3-2021.10.20211105-1100/build-native/host-libs/usr --with-host-libstdcxx='-static-libgcc -Wl,-Bstatic,-lstdc++,-Bdynamic -lm' --with-pkgversion='GNU Tools for STM32 10.3-2021.10.20211105-1100' --with-multilib-list=rmprofile,aprofile
Thread model: single
Supported LTO compression algorithms: zlib
gcc version 10.3.1 20210824 (release) (GNU Tools for STM32 10.3-2021.10.20211105-1100) 
COLLECT_GCC_OPTIONS='-v' '-o' 'CMakeFiles/cmTC_24245.dir/CMakeCCompilerABI.c.obj' '-c' '-mcpu=arm7tdmi' '-mfloat-abi=soft' '-marm' '-mlibarch=armv4t' '-march=armv4t'
 /opt/tools/bin/../lib/gcc/arm-none-eabi/10.3.1/cc1 -quiet -v -iprefix /opt/tools/bin/../lib/gcc/arm-none-eabi/10.3.1/ -isysroot /opt/tools/bin/../arm-none-eabi -D__USES_INITFINI__ /usr/share/cmake-3.22/Modules/CMakeCCompilerABI.c -quiet -dumpbase CMakeCCompilerABI.c -mcpu=arm7tdmi -mfloat-abi=soft -marm -mlibarch=armv4t -march=armv4t -auxbase-strip CMakeFiles/cmTC_24245.dir/CMakeCCompilerABI.c.obj -version -o /tmp/cchv6jhb.s
GNU C17 (GNU Tools for STM32 10.3-2021.10.20211105-1100) version 10.3.1 20210824 (release) (arm-none-eabi)
	compiled by GNU C version 7.5.0, GMP version 6.1.0, MPFR version 3.1.4, MPC version 1.0.3, isl version isl-0.18-GMP

GGC heuristics: --param ggc-min-expand=100 --param ggc-min-heapsize=131072
ignoring duplicate directory "/opt/tools/bin/../lib/gcc/../../lib/gcc/arm-none-eabi/10.3.1/include"
ignoring nonexistent directory "/opt/tools/bin/../arm-none-eabi/usr/local/include"
ignoring duplicate directory "/opt/tools/bin/../lib/gcc/../../lib/gcc/arm-none-eabi/10.3.1/include-fixed"
ignoring duplicate directory "/opt/tools/bin/../lib/gcc/../../lib/gcc/arm-none-eabi/10.3.1/../../../../arm-none-eabi/include"
ignoring nonexistent directory "/opt/tools/bin/../arm-none-eabi/usr/include"
#include "..." search starts here:
#include <...> search starts here:
 /opt/tools/bin/../lib/gcc/arm-none-eabi/10.3.1/include
 /opt/tools/bin/../lib/gcc/arm-none-eabi/10.3.1/include-fixed
 /opt/tools/bin/../lib/gcc/arm-none-eabi/10.3.1/../../../../arm-none-eabi/include
End of search list.
GNU C17 (GNU Tools for STM32 10.3-2021.10.20211105-1100) version 10.3.1 20210824 (release) (arm-none-eabi)
	compiled by GNU C version 7.5.0, GMP version 6.1.0, MPFR version 3.1.4, MPC version 1.0.3, isl version isl-0.18-GMP

GGC heuristics: --param ggc-min-expand=100 --param ggc-min-heapsize=131072
Compiler executable checksum: 73fa31d41cababebf1d6c41843f3fcd6
COLLECT_GCC_OPTIONS='-v' '-o' 'CMakeFiles/cmTC_24245.dir/CMakeCCompilerABI.c.obj' '-c' '-mcpu=arm7tdmi' '-mfloat-abi=soft' '-marm' '-mlibarch=armv4t' '-march=armv4t'
 /opt/tools/bin/../lib/gcc/arm-none-eabi/10.3.1/../../../../arm-none-eabi/bin/as -v -march=armv4t -mfloat-abi=soft -meabi=5 -o CMakeFiles/cmTC_24245.dir/CMakeCCompilerABI.c.obj /tmp/cchv6jhb.s
GNU assembler version 2.36.1 (arm-none-eabi) using BFD version (GNU Tools for STM32 10.3-2021.10.20211105-1100) 2.36.1.20210621
COMPILER_PATH=/opt/tools/bin/../lib/gcc/arm-none-eabi/10.3.1/:/opt/tools/bin/../lib/gcc/:/opt/tools/bin/../lib/gcc/arm-none-eabi/10.3.1/../../../../arm-none-eabi/bin/
LIBRARY_PATH=/opt/tools/bin/../lib/gcc/arm-none-eabi/10.3.1/:/opt/tools/bin/../lib/gcc/:/opt/tools/bin/../lib/gcc/arm-none-eabi/10.3.1/../../../../arm-none-eabi/lib/:/opt/tools/bin/../arm-none-eabi/lib/
COLLECT_GCC_OPTIONS='-v' '-o' 'CMakeFiles/cmTC_24245.dir/CMakeCCompilerABI.c.obj' '-c' '-mcpu=arm7tdmi' '-mfloat-abi=soft' '-marm' '-mlibarch=armv4t' '-march=armv4t'
Linking C static library libcmTC_24245.a
/usr/bin/cmake -P CMakeFiles/cmTC_24245.dir/cmake_clean_target.cmake
/usr/bin/cmake -E cmake_link_script CMakeFiles/cmTC_24245.dir/link.txt --verbose=1
/opt/tools/bin/arm-none-eabi-ar qc libcmTC_24245.a CMakeFiles/cmTC_24245.dir/CMakeCCompilerABI.c.obj
/opt/tools/bin/arm-none-eabi-ranlib libcmTC_24245.a
gmake[1]: Leaving directory '/home/fp2admin/STM32CubeIDE/workv101/BLINKFTOSv100/bftosv100/mstarch-tmp/CMakeFiles/CMakeTmp'



Parsed C implicit include dir info from above output: rv=done
  found start of include info
  found start of implicit include info
    add: [/opt/tools/bin/../lib/gcc/arm-none-eabi/10.3.1/include]
    add: [/opt/tools/bin/../lib/gcc/arm-none-eabi/10.3.1/include-fixed]
    add: [/opt/tools/bin/../lib/gcc/arm-none-eabi/10.3.1/../../../../arm-none-eabi/include]
  end of search list found
  collapse include dir [/opt/tools/bin/../lib/gcc/arm-none-eabi/10.3.1/include] ==> [/opt/tools/lib/gcc/arm-none-eabi/10.3.1/include]
  collapse include dir [/opt/tools/bin/../lib/gcc/arm-none-eabi/10.3.1/include-fixed] ==> [/opt/tools/lib/gcc/arm-none-eabi/10.3.1/include-fixed]
  collapse include dir [/opt/tools/bin/../lib/gcc/arm-none-eabi/10.3.1/../../../../arm-none-eabi/include] ==> [/opt/tools/arm-none-eabi/include]
  implicit include dirs: [/opt/tools/lib/gcc/arm-none-eabi/10.3.1/include;/opt/tools/lib/gcc/arm-none-eabi/10.3.1/include-fixed;/opt/tools/arm-none-eabi/include]


Parsed C implicit link information from above output:
  link line regex: [^( *|.*[/\])(arm-none-eabi-ld|CMAKE_LINK_STARTFILE-NOTFOUND|([^/\]+-)?ld|collect2)[^/\]*( |$)]
  ignore line: [Change Dir: /home/fp2admin/STM32CubeIDE/workv101/BLINKFTOSv100/bftosv100/mstarch-tmp/CMakeFiles/CMakeTmp]
  ignore line: []
  ignore line: [Run Build Command(s):/usr/bin/gmake -f Makefile cmTC_24245/fast && /usr/bin/gmake  -f CMakeFiles/cmTC_24245.dir/build.make CMakeFiles/cmTC_24245.dir/build]
  ignore line: [gmake[1]: Entering directory '/home/fp2admin/STM32CubeIDE/workv101/BLINKFTOSv100/bftosv100/mstarch-tmp/CMakeFiles/CMakeTmp']
  ignore line: [Building C object CMakeFiles/cmTC_24245.dir/CMakeCCompilerABI.c.obj]
  ignore line: [/opt/tools/bin/arm-none-eabi-gcc   -v -o CMakeFiles/cmTC_24245.dir/CMakeCCompilerABI.c.obj -c /usr/share/cmake-3.22/Modules/CMakeCCompilerABI.c]
  ignore line: [Using built-in specs.]
  ignore line: [COLLECT_GCC=/opt/tools/bin/arm-none-eabi-gcc]
  ignore line: [Target: arm-none-eabi]
  ignore line: [Configured with: /build/gnu-tools-for-stm32_10.3-2021.10.20211105-1100/src/gcc/configure --target=arm-none-eabi --prefix=/build/gnu-tools-for-stm32_10.3-2021.10.20211105-1100/install-native --libexecdir=/build/gnu-tools-for-stm32_10.3-2021.10.20211105-1100/install-native/lib --infodir=/build/gnu-tools-for-stm32_10.3-2021.10.20211105-1100/install-native/share/doc/gcc-arm-none-eabi/info --mandir=/build/gnu-tools-for-stm32_10.3-2021.10.20211105-1100/install-native/share/doc/gcc-arm-none-eabi/man --htmldir=/build/gnu-tools-for-stm32_10.3-2021.10.20211105-1100/install-native/share/doc/gcc-arm-none-eabi/html --pdfdir=/build/gnu-tools-for-stm32_10.3-2021.10.20211105-1100/install-native/share/doc/gcc-arm-none-eabi/pdf --enable-languages=c,c++ --enable-plugins --disable-decimal-float --disable-libffi --disable-libgomp --disable-libmudflap --disable-libquadmath --disable-libssp --disable-libstdcxx-pch --disable-nls --disable-shared --disable-threads --disable-tls --with-gnu-as --with-gnu-ld --with-newlib --with-headers=yes --with-python-dir=share/gcc-arm-none-eabi --with-sysroot=/build/gnu-tools-for-stm32_10.3-2021.10.20211105-1100/install-native/arm-none-eabi --build=x86_64-linux-gnu --host=x86_64-linux-gnu --with-gmp=/build/gnu-tools-for-stm32_10.3-2021.10.20211105-1100/build-native/host-libs/usr --with-mpfr=/build/gnu-tools-for-stm32_10.3-2021.10.20211105-1100/build-native/host-libs/usr --with-mpc=/build/gnu-tools-for-stm32_10.3-2021.10.20211105-1100/build-native/host-libs/usr --with-isl=/build/gnu-tools-for-stm32_10.3-2021.10.20211105-1100/build-native/host-libs/usr --with-libelf=/build/gnu-tools-for-stm32_10.3-2021.10.20211105-1100/build-native/host-libs/usr --with-host-libstdcxx='-static-libgcc -Wl,-Bstatic,-lstdc++,-Bdynamic -lm' --with-pkgversion='GNU Tools for STM32 10.3-2021.10.20211105-1100' --with-multilib-list=rmprofile,aprofile]
  ignore line: [Thread model: single]
  ignore line: [Supported LTO compression algorithms: zlib]
  ignore line: [gcc version 10.3.1 20210824 (release) (GNU Tools for STM32 10.3-2021.10.20211105-1100) ]
  ignore line: [COLLECT_GCC_OPTIONS='-v' '-o' 'CMakeFiles/cmTC_24245.dir/CMakeCCompilerABI.c.obj' '-c' '-mcpu=arm7tdmi' '-mfloat-abi=soft' '-marm' '-mlibarch=armv4t' '-march=armv4t']
  ignore line: [ /opt/tools/bin/../lib/gcc/arm-none-eabi/10.3.1/cc1 -quiet -v -iprefix /opt/tools/bin/../lib/gcc/arm-none-eabi/10.3.1/ -isysroot /opt/tools/bin/../arm-none-eabi -D__USES_INITFINI__ /usr/share/cmake-3.22/Modules/CMakeCCompilerABI.c -quiet -dumpbase CMakeCCompilerABI.c -mcpu=arm7tdmi -mfloat-abi=soft -marm -mlibarch=armv4t -march=armv4t -auxbase-strip CMakeFiles/cmTC_24245.dir/CMakeCCompilerABI.c.obj -version -o /tmp/cchv6jhb.s]
  ignore line: [GNU C17 (GNU Tools for STM32 10.3-2021.10.20211105-1100) version 10.3.1 20210824 (release) (arm-none-eabi)]
  ignore line: [	compiled by GNU C version 7.5.0  GMP version 6.1.0  MPFR version 3.1.4  MPC version 1.0.3  isl version isl-0.18-GMP]
  ignore line: []
  ignore line: [GGC heuristics: --param ggc-min-expand=100 --param ggc-min-heapsize=131072]
  ignore line: [ignoring duplicate directory "/opt/tools/bin/../lib/gcc/../../lib/gcc/arm-none-eabi/10.3.1/include"]
  ignore line: [ignoring nonexistent directory "/opt/tools/bin/../arm-none-eabi/usr/local/include"]
  ignore line: [ignoring duplicate directory "/opt/tools/bin/../lib/gcc/../../lib/gcc/arm-none-eabi/10.3.1/include-fixed"]
  ignore line: [ignoring duplicate directory "/opt/tools/bin/../lib/gcc/../../lib/gcc/arm-none-eabi/10.3.1/../../../../arm-none-eabi/include"]
  ignore line: [ignoring nonexistent directory "/opt/tools/bin/../arm-none-eabi/usr/include"]
  ignore line: [#include "..." search starts here:]
  ignore line: [#include <...> search starts here:]
  ignore line: [ /opt/tools/bin/../lib/gcc/arm-none-eabi/10.3.1/include]
  ignore line: [ /opt/tools/bin/../lib/gcc/arm-none-eabi/10.3.1/include-fixed]
  ignore line: [ /opt/tools/bin/../lib/gcc/arm-none-eabi/10.3.1/../../../../arm-none-eabi/include]
  ignore line: [End of search list.]
  ignore line: [GNU C17 (GNU Tools for STM32 10.3-2021.10.20211105-1100) version 10.3.1 20210824 (release) (arm-none-eabi)]
  ignore line: [	compiled by GNU C version 7.5.0  GMP version 6.1.0  MPFR version 3.1.4  MPC version 1.0.3  isl version isl-0.18-GMP]
  ignore line: []
  ignore line: [GGC heuristics: --param ggc-min-expand=100 --param ggc-min-heapsize=131072]
  ignore line: [Compiler executable checksum: 73fa31d41cababebf1d6c41843f3fcd6]
  ignore line: [COLLECT_GCC_OPTIONS='-v' '-o' 'CMakeFiles/cmTC_24245.dir/CMakeCCompilerABI.c.obj' '-c' '-mcpu=arm7tdmi' '-mfloat-abi=soft' '-marm' '-mlibarch=armv4t' '-march=armv4t']
  ignore line: [ /opt/tools/bin/../lib/gcc/arm-none-eabi/10.3.1/../../../../arm-none-eabi/bin/as -v -march=armv4t -mfloat-abi=soft -meabi=5 -o CMakeFiles/cmTC_24245.dir/CMakeCCompilerABI.c.obj /tmp/cchv6jhb.s]
  ignore line: [GNU assembler version 2.36.1 (arm-none-eabi) using BFD version (GNU Tools for STM32 10.3-2021.10.20211105-1100) 2.36.1.20210621]
  ignore line: [COMPILER_PATH=/opt/tools/bin/../lib/gcc/arm-none-eabi/10.3.1/:/opt/tools/bin/../lib/gcc/:/opt/tools/bin/../lib/gcc/arm-none-eabi/10.3.1/../../../../arm-none-eabi/bin/]
  ignore line: [LIBRARY_PATH=/opt/tools/bin/../lib/gcc/arm-none-eabi/10.3.1/:/opt/tools/bin/../lib/gcc/:/opt/tools/bin/../lib/gcc/arm-none-eabi/10.3.1/../../../../arm-none-eabi/lib/:/opt/tools/bin/../arm-none-eabi/lib/]
  ignore line: [COLLECT_GCC_OPTIONS='-v' '-o' 'CMakeFiles/cmTC_24245.dir/CMakeCCompilerABI.c.obj' '-c' '-mcpu=arm7tdmi' '-mfloat-abi=soft' '-marm' '-mlibarch=armv4t' '-march=armv4t']
  ignore line: [Linking C static library libcmTC_24245.a]
  ignore line: [/usr/bin/cmake -P CMakeFiles/cmTC_24245.dir/cmake_clean_target.cmake]
  ignore line: [/usr/bin/cmake -E cmake_link_script CMakeFiles/cmTC_24245.dir/link.txt --verbose=1]
  ignore line: [/opt/tools/bin/arm-none-eabi-ar qc libcmTC_24245.a CMakeFiles/cmTC_24245.dir/CMakeCCompilerABI.c.obj]
  ignore line: [/opt/tools/bin/arm-none-eabi-ranlib libcmTC_24245.a]
  ignore line: [gmake[1]: Leaving directory '/home/fp2admin/STM32CubeIDE/workv101/BLINKFTOSv100/bftosv100/mstarch-tmp/CMakeFiles/CMakeTmp']
  ignore line: []
  ignore line: []
  implicit libs: []
  implicit objs: []
  implicit dirs: []
  implicit fwks: []


Detecting CXX compiler ABI info compiled with the following output:
Change Dir: /home/fp2admin/STM32CubeIDE/workv101/BLINKFTOSv100/bftosv100/mstarch-tmp/CMakeFiles/CMakeTmp

Run Build Command(s):/usr/bin/gmake -f Makefile cmTC_47827/fast && /usr/bin/gmake  -f CMakeFiles/cmTC_47827.dir/build.make CMakeFiles/cmTC_47827.dir/build
gmake[1]: Entering directory '/home/fp2admin/STM32CubeIDE/workv101/BLINKFTOSv100/bftosv100/mstarch-tmp/CMakeFiles/CMakeTmp'
Building CXX object CMakeFiles/cmTC_47827.dir/CMakeCXXCompilerABI.cpp.obj
/opt/tools/bin/arm-none-eabi-g++   -v -o CMakeFiles/cmTC_47827.dir/CMakeCXXCompilerABI.cpp.obj -c /usr/share/cmake-3.22/Modules/CMakeCXXCompilerABI.cpp
Using built-in specs.
COLLECT_GCC=/opt/tools/bin/arm-none-eabi-g++
Target: arm-none-eabi
Configured with: /build/gnu-tools-for-stm32_10.3-2021.10.20211105-1100/src/gcc/configure --target=arm-none-eabi --prefix=/build/gnu-tools-for-stm32_10.3-2021.10.20211105-1100/install-native --libexecdir=/build/gnu-tools-for-stm32_10.3-2021.10.20211105-1100/install-native/lib --infodir=/build/gnu-tools-for-stm32_10.3-2021.10.20211105-1100/install-native/share/doc/gcc-arm-none-eabi/info --mandir=/build/gnu-tools-for-stm32_10.3-2021.10.20211105-1100/install-native/share/doc/gcc-arm-none-eabi/man --htmldir=/build/gnu-tools-for-stm32_10.3-2021.10.20211105-1100/install-native/share/doc/gcc-arm-none-eabi/html --pdfdir=/build/gnu-tools-for-stm32_10.3-2021.10.20211105-1100/install-native/share/doc/gcc-arm-none-eabi/pdf --enable-languages=c,c++ --enable-plugins --disable-decimal-float --disable-libffi --disable-libgomp --disable-libmudflap --disable-libquadmath --disable-libssp --disable-libstdcxx-pch --disable-nls --disable-shared --disable-threads --disable-tls --with-gnu-as --with-gnu-ld --with-newlib --with-headers=yes --with-python-dir=share/gcc-arm-none-eabi --with-sysroot=/build/gnu-tools-for-stm32_10.3-2021.10.20211105-1100/install-native/arm-none-eabi --build=x86_64-linux-gnu --host=x86_64-linux-gnu --with-gmp=/build/gnu-tools-for-stm32_10.3-2021.10.20211105-1100/build-native/host-libs/usr --with-mpfr=/build/gnu-tools-for-stm32_10.3-2021.10.20211105-1100/build-native/host-libs/usr --with-mpc=/build/gnu-tools-for-stm32_10.3-2021.10.20211105-1100/build-native/host-libs/usr --with-isl=/build/gnu-tools-for-stm32_10.3-2021.10.20211105-1100/build-native/host-libs/usr --with-libelf=/build/gnu-tools-for-stm32_10.3-2021.10.20211105-1100/build-native/host-libs/usr --with-host-libstdcxx='-static-libgcc -Wl,-Bstatic,-lstdc++,-Bdynamic -lm' --with-pkgversion='GNU Tools for STM32 10.3-2021.10.20211105-1100' --with-multilib-list=rmprofile,aprofile
Thread model: single
Supported LTO compression algorithms: zlib
gcc version 10.3.1 20210824 (release) (GNU Tools for STM32 10.3-2021.10.20211105-1100) 
COLLECT_GCC_OPTIONS='-v' '-o' 'CMakeFiles/cmTC_47827.dir/CMakeCXXCompilerABI.cpp.obj' '-c' '-mcpu=arm7tdmi' '-mfloat-abi=soft' '-marm' '-mlibarch=armv4t' '-march=armv4t'
 /opt/tools/bin/../lib/gcc/arm-none-eabi/10.3.1/cc1plus -quiet -v -iprefix /opt/tools/bin/../lib/gcc/arm-none-eabi/10.3.1/ -isysroot /opt/tools/bin/../arm-none-eabi -D__USES_INITFINI__ /usr/share/cmake-3.22/Modules/CMakeCXXCompilerABI.cpp -quiet -dumpbase CMakeCXXCompilerABI.cpp -mcpu=arm7tdmi -mfloat-abi=soft -marm -mlibarch=armv4t -march=armv4t -auxbase-strip CMakeFiles/cmTC_47827.dir/CMakeCXXCompilerABI.cpp.obj -version -o /tmp/ccVTRDb3.s
GNU C++14 (GNU Tools for STM32 10.3-2021.10.20211105-1100) version 10.3.1 20210824 (release) (arm-none-eabi)
	compiled by GNU C version 7.5.0, GMP version 6.1.0, MPFR version 3.1.4, MPC version 1.0.3, isl version isl-0.18-GMP

GGC heuristics: --param ggc-min-expand=100 --param ggc-min-heapsize=131072
ignoring duplicate directory "/opt/tools/bin/../lib/gcc/../../lib/gcc/arm-none-eabi/10.3.1/../../../../arm-none-eabi/include/c++/10.3.1"
ignoring duplicate directory "/opt/tools/bin/../lib/gcc/../../lib/gcc/arm-none-eabi/10.3.1/../../../../arm-none-eabi/include/c++/10.3.1/arm-none-eabi"
ignoring duplicate directory "/opt/tools/bin/../lib/gcc/../../lib/gcc/arm-none-eabi/10.3.1/../../../../arm-none-eabi/include/c++/10.3.1/backward"
ignoring duplicate directory "/opt/tools/bin/../lib/gcc/../../lib/gcc/arm-none-eabi/10.3.1/include"
ignoring nonexistent directory "/opt/tools/bin/../arm-none-eabi/usr/local/include"
ignoring duplicate directory "/opt/tools/bin/../lib/gcc/../../lib/gcc/arm-none-eabi/10.3.1/include-fixed"
ignoring duplicate directory "/opt/tools/bin/../lib/gcc/../../lib/gcc/arm-none-eabi/10.3.1/../../../../arm-none-eabi/include"
ignoring nonexistent directory "/opt/tools/bin/../arm-none-eabi/usr/include"
#include "..." search starts here:
#include <...> search starts here:
 /opt/tools/bin/../lib/gcc/arm-none-eabi/10.3.1/../../../../arm-none-eabi/include/c++/10.3.1
 /opt/tools/bin/../lib/gcc/arm-none-eabi/10.3.1/../../../../arm-none-eabi/include/c++/10.3.1/arm-none-eabi
 /opt/tools/bin/../lib/gcc/arm-none-eabi/10.3.1/../../../../arm-none-eabi/include/c++/10.3.1/backward
 /opt/tools/bin/../lib/gcc/arm-none-eabi/10.3.1/include
 /opt/tools/bin/../lib/gcc/arm-none-eabi/10.3.1/include-fixed
 /opt/tools/bin/../lib/gcc/arm-none-eabi/10.3.1/../../../../arm-none-eabi/include
End of search list.
GNU C++14 (GNU Tools for STM32 10.3-2021.10.20211105-1100) version 10.3.1 20210824 (release) (arm-none-eabi)
	compiled by GNU C version 7.5.0, GMP version 6.1.0, MPFR version 3.1.4, MPC version 1.0.3, isl version isl-0.18-GMP

GGC heuristics: --param ggc-min-expand=100 --param ggc-min-heapsize=131072
Compiler executable checksum: 9279e49e0b72e92cb38d1df5e23a297f
COLLECT_GCC_OPTIONS='-v' '-o' 'CMakeFiles/cmTC_47827.dir/CMakeCXXCompilerABI.cpp.obj' '-c' '-mcpu=arm7tdmi' '-mfloat-abi=soft' '-marm' '-mlibarch=armv4t' '-march=armv4t'
 /opt/tools/bin/../lib/gcc/arm-none-eabi/10.3.1/../../../../arm-none-eabi/bin/as -v -march=armv4t -mfloat-abi=soft -meabi=5 -o CMakeFiles/cmTC_47827.dir/CMakeCXXCompilerABI.cpp.obj /tmp/ccVTRDb3.s
GNU assembler version 2.36.1 (arm-none-eabi) using BFD version (GNU Tools for STM32 10.3-2021.10.20211105-1100) 2.36.1.20210621
COMPILER_PATH=/opt/tools/bin/../lib/gcc/arm-none-eabi/10.3.1/:/opt/tools/bin/../lib/gcc/:/opt/tools/bin/../lib/gcc/arm-none-eabi/10.3.1/../../../../arm-none-eabi/bin/
LIBRARY_PATH=/opt/tools/bin/../lib/gcc/arm-none-eabi/10.3.1/:/opt/tools/bin/../lib/gcc/:/opt/tools/bin/../lib/gcc/arm-none-eabi/10.3.1/../../../../arm-none-eabi/lib/:/opt/tools/bin/../arm-none-eabi/lib/
COLLECT_GCC_OPTIONS='-v' '-o' 'CMakeFiles/cmTC_47827.dir/CMakeCXXCompilerABI.cpp.obj' '-c' '-mcpu=arm7tdmi' '-mfloat-abi=soft' '-marm' '-mlibarch=armv4t' '-march=armv4t'
Linking CXX static library libcmTC_47827.a
/usr/bin/cmake -P CMakeFiles/cmTC_47827.dir/cmake_clean_target.cmake
/usr/bin/cmake -E cmake_link_script CMakeFiles/cmTC_47827.dir/link.txt --verbose=1
/opt/tools/bin/arm-none-eabi-ar qc libcmTC_47827.a CMakeFiles/cmTC_47827.dir/CMakeCXXCompilerABI.cpp.obj
/opt/tools/bin/arm-none-eabi-ranlib libcmTC_47827.a
gmake[1]: Leaving directory '/home/fp2admin/STM32CubeIDE/workv101/BLINKFTOSv100/bftosv100/mstarch-tmp/CMakeFiles/CMakeTmp'



Parsed CXX implicit include dir info from above output: rv=done
  found start of include info
  found start of implicit include info
    add: [/opt/tools/bin/../lib/gcc/arm-none-eabi/10.3.1/../../../../arm-none-eabi/include/c++/10.3.1]
    add: [/opt/tools/bin/../lib/gcc/arm-none-eabi/10.3.1/../../../../arm-none-eabi/include/c++/10.3.1/arm-none-eabi]
    add: [/opt/tools/bin/../lib/gcc/arm-none-eabi/10.3.1/../../../../arm-none-eabi/include/c++/10.3.1/backward]
    add: [/opt/tools/bin/../lib/gcc/arm-none-eabi/10.3.1/include]
    add: [/opt/tools/bin/../lib/gcc/arm-none-eabi/10.3.1/include-fixed]
    add: [/opt/tools/bin/../lib/gcc/arm-none-eabi/10.3.1/../../../../arm-none-eabi/include]
  end of search list found
  collapse include dir [/opt/tools/bin/../lib/gcc/arm-none-eabi/10.3.1/../../../../arm-none-eabi/include/c++/10.3.1] ==> [/opt/tools/arm-none-eabi/include/c++/10.3.1]
  collapse include dir [/opt/tools/bin/../lib/gcc/arm-none-eabi/10.3.1/../../../../arm-none-eabi/include/c++/10.3.1/arm-none-eabi] ==> [/opt/tools/arm-none-eabi/include/c++/10.3.1/arm-none-eabi]
  collapse include dir [/opt/tools/bin/../lib/gcc/arm-none-eabi/10.3.1/../../../../arm-none-eabi/include/c++/10.3.1/backward] ==> [/opt/tools/arm-none-eabi/include/c++/10.3.1/backward]
  collapse include dir [/opt/tools/bin/../lib/gcc/arm-none-eabi/10.3.1/include] ==> [/opt/tools/lib/gcc/arm-none-eabi/10.3.1/include]
  collapse include dir [/opt/tools/bin/../lib/gcc/arm-none-eabi/10.3.1/include-fixed] ==> [/opt/tools/lib/gcc/arm-none-eabi/10.3.1/include-fixed]
  collapse include dir [/opt/tools/bin/../lib/gcc/arm-none-eabi/10.3.1/../../../../arm-none-eabi/include] ==> [/opt/tools/arm-none-eabi/include]
  implicit include dirs: [/opt/tools/arm-none-eabi/include/c++/10.3.1;/opt/tools/arm-none-eabi/include/c++/10.3.1/arm-none-eabi;/opt/tools/arm-none-eabi/include/c++/10.3.1/backward;/opt/tools/lib/gcc/arm-none-eabi/10.3.1/include;/opt/tools/lib/gcc/arm-none-eabi/10.3.1/include-fixed;/opt/tools/arm-none-eabi/include]


Parsed CXX implicit link information from above output:
  link line regex: [^( *|.*[/\])(arm-none-eabi-ld|CMAKE_LINK_STARTFILE-NOTFOUND|([^/\]+-)?ld|collect2)[^/\]*( |$)]
  ignore line: [Change Dir: /home/fp2admin/STM32CubeIDE/workv101/BLINKFTOSv100/bftosv100/mstarch-tmp/CMakeFiles/CMakeTmp]
  ignore line: []
  ignore line: [Run Build Command(s):/usr/bin/gmake -f Makefile cmTC_47827/fast && /usr/bin/gmake  -f CMakeFiles/cmTC_47827.dir/build.make CMakeFiles/cmTC_47827.dir/build]
  ignore line: [gmake[1]: Entering directory '/home/fp2admin/STM32CubeIDE/workv101/BLINKFTOSv100/bftosv100/mstarch-tmp/CMakeFiles/CMakeTmp']
  ignore line: [Building CXX object CMakeFiles/cmTC_47827.dir/CMakeCXXCompilerABI.cpp.obj]
  ignore line: [/opt/tools/bin/arm-none-eabi-g++   -v -o CMakeFiles/cmTC_47827.dir/CMakeCXXCompilerABI.cpp.obj -c /usr/share/cmake-3.22/Modules/CMakeCXXCompilerABI.cpp]
  ignore line: [Using built-in specs.]
  ignore line: [COLLECT_GCC=/opt/tools/bin/arm-none-eabi-g++]
  ignore line: [Target: arm-none-eabi]
  ignore line: [Configured with: /build/gnu-tools-for-stm32_10.3-2021.10.20211105-1100/src/gcc/configure --target=arm-none-eabi --prefix=/build/gnu-tools-for-stm32_10.3-2021.10.20211105-1100/install-native --libexecdir=/build/gnu-tools-for-stm32_10.3-2021.10.20211105-1100/install-native/lib --infodir=/build/gnu-tools-for-stm32_10.3-2021.10.20211105-1100/install-native/share/doc/gcc-arm-none-eabi/info --mandir=/build/gnu-tools-for-stm32_10.3-2021.10.20211105-1100/install-native/share/doc/gcc-arm-none-eabi/man --htmldir=/build/gnu-tools-for-stm32_10.3-2021.10.20211105-1100/install-native/share/doc/gcc-arm-none-eabi/html --pdfdir=/build/gnu-tools-for-stm32_10.3-2021.10.20211105-1100/install-native/share/doc/gcc-arm-none-eabi/pdf --enable-languages=c,c++ --enable-plugins --disable-decimal-float --disable-libffi --disable-libgomp --disable-libmudflap --disable-libquadmath --disable-libssp --disable-libstdcxx-pch --disable-nls --disable-shared --disable-threads --disable-tls --with-gnu-as --with-gnu-ld --with-newlib --with-headers=yes --with-python-dir=share/gcc-arm-none-eabi --with-sysroot=/build/gnu-tools-for-stm32_10.3-2021.10.20211105-1100/install-native/arm-none-eabi --build=x86_64-linux-gnu --host=x86_64-linux-gnu --with-gmp=/build/gnu-tools-for-stm32_10.3-2021.10.20211105-1100/build-native/host-libs/usr --with-mpfr=/build/gnu-tools-for-stm32_10.3-2021.10.20211105-1100/build-native/host-libs/usr --with-mpc=/build/gnu-tools-for-stm32_10.3-2021.10.20211105-1100/build-native/host-libs/usr --with-isl=/build/gnu-tools-for-stm32_10.3-2021.10.20211105-1100/build-native/host-libs/usr --with-libelf=/build/gnu-tools-for-stm32_10.3-2021.10.20211105-1100/build-native/host-libs/usr --with-host-libstdcxx='-static-libgcc -Wl,-Bstatic,-lstdc++,-Bdynamic -lm' --with-pkgversion='GNU Tools for STM32 10.3-2021.10.20211105-1100' --with-multilib-list=rmprofile,aprofile]
  ignore line: [Thread model: single]
  ignore line: [Supported LTO compression algorithms: zlib]
  ignore line: [gcc version 10.3.1 20210824 (release) (GNU Tools for STM32 10.3-2021.10.20211105-1100) ]
  ignore line: [COLLECT_GCC_OPTIONS='-v' '-o' 'CMakeFiles/cmTC_47827.dir/CMakeCXXCompilerABI.cpp.obj' '-c' '-mcpu=arm7tdmi' '-mfloat-abi=soft' '-marm' '-mlibarch=armv4t' '-march=armv4t']
  ignore line: [ /opt/tools/bin/../lib/gcc/arm-none-eabi/10.3.1/cc1plus -quiet -v -iprefix /opt/tools/bin/../lib/gcc/arm-none-eabi/10.3.1/ -isysroot /opt/tools/bin/../arm-none-eabi -D__USES_INITFINI__ /usr/share/cmake-3.22/Modules/CMakeCXXCompilerABI.cpp -quiet -dumpbase CMakeCXXCompilerABI.cpp -mcpu=arm7tdmi -mfloat-abi=soft -marm -mlibarch=armv4t -march=armv4t -auxbase-strip CMakeFiles/cmTC_47827.dir/CMakeCXXCompilerABI.cpp.obj -version -o /tmp/ccVTRDb3.s]
  ignore line: [GNU C++14 (GNU Tools for STM32 10.3-2021.10.20211105-1100) version 10.3.1 20210824 (release) (arm-none-eabi)]
  ignore line: [	compiled by GNU C version 7.5.0  GMP version 6.1.0  MPFR version 3.1.4  MPC version 1.0.3  isl version isl-0.18-GMP]
  ignore line: []
  ignore line: [GGC heuristics: --param ggc-min-expand=100 --param ggc-min-heapsize=131072]
  ignore line: [ignoring duplicate directory "/opt/tools/bin/../lib/gcc/../../lib/gcc/arm-none-eabi/10.3.1/../../../../arm-none-eabi/include/c++/10.3.1"]
  ignore line: [ignoring duplicate directory "/opt/tools/bin/../lib/gcc/../../lib/gcc/arm-none-eabi/10.3.1/../../../../arm-none-eabi/include/c++/10.3.1/arm-none-eabi"]
  ignore line: [ignoring duplicate directory "/opt/tools/bin/../lib/gcc/../../lib/gcc/arm-none-eabi/10.3.1/../../../../arm-none-eabi/include/c++/10.3.1/backward"]
  ignore line: [ignoring duplicate directory "/opt/tools/bin/../lib/gcc/../../lib/gcc/arm-none-eabi/10.3.1/include"]
  ignore line: [ignoring nonexistent directory "/opt/tools/bin/../arm-none-eabi/usr/local/include"]
  ignore line: [ignoring duplicate directory "/opt/tools/bin/../lib/gcc/../../lib/gcc/arm-none-eabi/10.3.1/include-fixed"]
  ignore line: [ignoring duplicate directory "/opt/tools/bin/../lib/gcc/../../lib/gcc/arm-none-eabi/10.3.1/../../../../arm-none-eabi/include"]
  ignore line: [ignoring nonexistent directory "/opt/tools/bin/../arm-none-eabi/usr/include"]
  ignore line: [#include "..." search starts here:]
  ignore line: [#include <...> search starts here:]
  ignore line: [ /opt/tools/bin/../lib/gcc/arm-none-eabi/10.3.1/../../../../arm-none-eabi/include/c++/10.3.1]
  ignore line: [ /opt/tools/bin/../lib/gcc/arm-none-eabi/10.3.1/../../../../arm-none-eabi/include/c++/10.3.1/arm-none-eabi]
  ignore line: [ /opt/tools/bin/../lib/gcc/arm-none-eabi/10.3.1/../../../../arm-none-eabi/include/c++/10.3.1/backward]
  ignore line: [ /opt/tools/bin/../lib/gcc/arm-none-eabi/10.3.1/include]
  ignore line: [ /opt/tools/bin/../lib/gcc/arm-none-eabi/10.3.1/include-fixed]
  ignore line: [ /opt/tools/bin/../lib/gcc/arm-none-eabi/10.3.1/../../../../arm-none-eabi/include]
  ignore line: [End of search list.]
  ignore line: [GNU C++14 (GNU Tools for STM32 10.3-2021.10.20211105-1100) version 10.3.1 20210824 (release) (arm-none-eabi)]
  ignore line: [	compiled by GNU C version 7.5.0  GMP version 6.1.0  MPFR version 3.1.4  MPC version 1.0.3  isl version isl-0.18-GMP]
  ignore line: []
  ignore line: [GGC heuristics: --param ggc-min-expand=100 --param ggc-min-heapsize=131072]
  ignore line: [Compiler executable checksum: 9279e49e0b72e92cb38d1df5e23a297f]
  ignore line: [COLLECT_GCC_OPTIONS='-v' '-o' 'CMakeFiles/cmTC_47827.dir/CMakeCXXCompilerABI.cpp.obj' '-c' '-mcpu=arm7tdmi' '-mfloat-abi=soft' '-marm' '-mlibarch=armv4t' '-march=armv4t']
  ignore line: [ /opt/tools/bin/../lib/gcc/arm-none-eabi/10.3.1/../../../../arm-none-eabi/bin/as -v -march=armv4t -mfloat-abi=soft -meabi=5 -o CMakeFiles/cmTC_47827.dir/CMakeCXXCompilerABI.cpp.obj /tmp/ccVTRDb3.s]
  ignore line: [GNU assembler version 2.36.1 (arm-none-eabi) using BFD version (GNU Tools for STM32 10.3-2021.10.20211105-1100) 2.36.1.20210621]
  ignore line: [COMPILER_PATH=/opt/tools/bin/../lib/gcc/arm-none-eabi/10.3.1/:/opt/tools/bin/../lib/gcc/:/opt/tools/bin/../lib/gcc/arm-none-eabi/10.3.1/../../../../arm-none-eabi/bin/]
  ignore line: [LIBRARY_PATH=/opt/tools/bin/../lib/gcc/arm-none-eabi/10.3.1/:/opt/tools/bin/../lib/gcc/:/opt/tools/bin/../lib/gcc/arm-none-eabi/10.3.1/../../../../arm-none-eabi/lib/:/opt/tools/bin/../arm-none-eabi/lib/]
  ignore line: [COLLECT_GCC_OPTIONS='-v' '-o' 'CMakeFiles/cmTC_47827.dir/CMakeCXXCompilerABI.cpp.obj' '-c' '-mcpu=arm7tdmi' '-mfloat-abi=soft' '-marm' '-mlibarch=armv4t' '-march=armv4t']
  ignore line: [Linking CXX static library libcmTC_47827.a]
  ignore line: [/usr/bin/cmake -P CMakeFiles/cmTC_47827.dir/cmake_clean_target.cmake]
  ignore line: [/usr/bin/cmake -E cmake_link_script CMakeFiles/cmTC_47827.dir/link.txt --verbose=1]
  ignore line: [/opt/tools/bin/arm-none-eabi-ar qc libcmTC_47827.a CMakeFiles/cmTC_47827.dir/CMakeCXXCompilerABI.cpp.obj]
  ignore line: [/opt/tools/bin/arm-none-eabi-ranlib libcmTC_47827.a]
  ignore line: [gmake[1]: Leaving directory '/home/fp2admin/STM32CubeIDE/workv101/BLINKFTOSv100/bftosv100/mstarch-tmp/CMakeFiles/CMakeTmp']
  ignore line: []
  ignore line: []
  implicit libs: []
  implicit objs: []
  implicit dirs: []
  implicit fwks: []


Determining if the include file pthread.h exists passed with the following output:
Change Dir: /home/fp2admin/STM32CubeIDE/workv101/BLINKFTOSv100/bftosv100/mstarch-tmp/CMakeFiles/CMakeTmp

Run Build Command(s):/usr/bin/gmake -f Makefile cmTC_f407b/fast && /usr/bin/gmake  -f CMakeFiles/cmTC_f407b.dir/build.make CMakeFiles/cmTC_f407b.dir/build
gmake[1]: Entering directory '/home/fp2admin/STM32CubeIDE/workv101/BLINKFTOSv100/bftosv100/mstarch-tmp/CMakeFiles/CMakeTmp'
Building C object CMakeFiles/cmTC_f407b.dir/CheckIncludeFile.c.obj
/opt/tools/bin/arm-none-eabi-gcc   -std=c99 -o CMakeFiles/cmTC_f407b.dir/CheckIncludeFile.c.obj -c /home/fp2admin/STM32CubeIDE/workv101/BLINKFTOSv100/bftosv100/mstarch-tmp/CMakeFiles/CMakeTmp/CheckIncludeFile.c
Linking C static library libcmTC_f407b.a
/usr/bin/cmake -P CMakeFiles/cmTC_f407b.dir/cmake_clean_target.cmake
/usr/bin/cmake -E cmake_link_script CMakeFiles/cmTC_f407b.dir/link.txt --verbose=1
/opt/tools/bin/arm-none-eabi-ar qc libcmTC_f407b.a CMakeFiles/cmTC_f407b.dir/CheckIncludeFile.c.obj
/opt/tools/bin/arm-none-eabi-ranlib libcmTC_f407b.a
gmake[1]: Leaving directory '/home/fp2admin/STM32CubeIDE/workv101/BLINKFTOSv100/bftosv100/mstarch-tmp/CMakeFiles/CMakeTmp'



Determining if the function pthread_create exists in the pthreads passed with the following output:
Change Dir: /home/fp2admin/STM32CubeIDE/workv101/BLINKFTOSv100/bftosv100/mstarch-tmp/CMakeFiles/CMakeTmp

Run Build Command(s):/usr/bin/gmake -f Makefile cmTC_1d88b/fast && /usr/bin/gmake  -f CMakeFiles/cmTC_1d88b.dir/build.make CMakeFiles/cmTC_1d88b.dir/build
gmake[1]: Entering directory '/home/fp2admin/STM32CubeIDE/workv101/BLINKFTOSv100/bftosv100/mstarch-tmp/CMakeFiles/CMakeTmp'
Building C object CMakeFiles/cmTC_1d88b.dir/CheckFunctionExists.c.obj
/opt/tools/bin/arm-none-eabi-gcc   -DCHECK_FUNCTION_EXISTS=pthread_create -std=c99 -o CMakeFiles/cmTC_1d88b.dir/CheckFunctionExists.c.obj -c /usr/share/cmake-3.22/Modules/CheckFunctionExists.c
Linking C static library libcmTC_1d88b.a
/usr/bin/cmake -P CMakeFiles/cmTC_1d88b.dir/cmake_clean_target.cmake
/usr/bin/cmake -E cmake_link_script CMakeFiles/cmTC_1d88b.dir/link.txt --verbose=1
/opt/tools/bin/arm-none-eabi-ar qc libcmTC_1d88b.a CMakeFiles/cmTC_1d88b.dir/CheckFunctionExists.c.obj
/opt/tools/bin/arm-none-eabi-ranlib libcmTC_1d88b.a
gmake[1]: Leaving directory '/home/fp2admin/STM32CubeIDE/workv101/BLINKFTOSv100/bftosv100/mstarch-tmp/CMakeFiles/CMakeTmp'



