Compiling the C compiler identification source file "CMakeCCompilerId.c" failed.
Compiler: /opt/tools/bin/arm-none-eabi-gcc 
Build flags: ;-fdata-sections;-ffunction-sections;;;;;-DUSE_HAL_DRIVER;;;;;-DTGT_OS_TYPE_FREERTOS;;;;;-mcpu=cortex-m7;;;;;-mthumb;;;;;-mfpu=fpv5-sp-d16;;;;;-mfloat-abi=hard;;;;;-DSTM32H743xx;;;;;--specs=nano.specs;-Wl,--gc-sections;;;;;-std=c99
Id flags:  

The output was:
1
/opt/tools/bin/../lib/gcc/arm-none-eabi/10.3.1/../../../../arm-none-eabi/bin/ld: /opt/tools/bin/../lib/gcc/arm-none-eabi/10.3.1/../../../../arm-none-eabi/lib/thumb/v7e-m+fp/hard/libc_nano.a(lib_a-exit.o): in function `exit':
exit.c:(.text.exit+0x1a): undefined reference to `_exit'
collect2: error: ld returned 1 exit status


Compiling the CXX compiler identification source file "CMakeCXXCompilerId.cpp" failed.
Compiler: /opt/tools/bin/arm-none-eabi-g++ 
Build flags: ;-fdata-sections;-ffunction-sections;;;;;-DUSE_HAL_DRIVER;;;;;-DTGT_OS_TYPE_FREERTOS;;;;;-mcpu=cortex-m7;;;;;-mthumb;;;;;-mfpu=fpv5-sp-d16;;;;;-mfloat-abi=hard;;;;;-DSTM32H743xx;;;;;--specs=nano.specs;-Wl,--gc-sections;;;;;-std=c++14;;;;;-fno-rtti;;;;;-fno-exceptions;;;;;-fno-threadsafe-statics
Id flags:  

The output was:
1
/opt/tools/bin/../lib/gcc/arm-none-eabi/10.3.1/../../../../arm-none-eabi/bin/ld: /opt/tools/bin/../lib/gcc/arm-none-eabi/10.3.1/../../../../arm-none-eabi/lib/thumb/v7e-m+fp/hard/libc_nano.a(lib_a-exit.o): in function `exit':
exit.c:(.text.exit+0x1a): undefined reference to `_exit'
collect2: error: ld returned 1 exit status


Performing C SOURCE FILE Test CMAKE_HAVE_LIBC_PTHREAD failed with the following output:
Change Dir: /home/fp2admin/STM32CubeIDE/workv101/BLINKFTOSv100/bftosv100/mstarch-tmp/prescan/CMakeFiles/CMakeTmp

Run Build Command(s):/usr/bin/gmake -f Makefile cmTC_80cb9/fast && /usr/bin/gmake  -f CMakeFiles/cmTC_80cb9.dir/build.make CMakeFiles/cmTC_80cb9.dir/build
gmake[1]: Entering directory '/home/fp2admin/STM32CubeIDE/workv101/BLINKFTOSv100/bftosv100/mstarch-tmp/prescan/CMakeFiles/CMakeTmp'
Building C object CMakeFiles/cmTC_80cb9.dir/src.c.obj
/opt/tools/bin/arm-none-eabi-gcc -DCMAKE_HAVE_LIBC_PTHREAD  -fdata-sections -ffunction-sections     -DUSE_HAL_DRIVER     -DTGT_OS_TYPE_FREERTOS     -mcpu=cortex-m7     -mthumb     -mfpu=fpv5-sp-d16     -mfloat-abi=hard     -DSTM32H743xx     --specs=nano.specs -Wl,--gc-sections     -std=c99  -std=c99 -o CMakeFiles/cmTC_80cb9.dir/src.c.obj -c /home/fp2admin/STM32CubeIDE/workv101/BLINKFTOSv100/bftosv100/mstarch-tmp/prescan/CMakeFiles/CMakeTmp/src.c
/home/fp2admin/STM32CubeIDE/workv101/BLINKFTOSv100/bftosv100/mstarch-tmp/prescan/CMakeFiles/CMakeTmp/src.c: In function 'main':
/home/fp2admin/STM32CubeIDE/workv101/BLINKFTOSv100/bftosv100/mstarch-tmp/prescan/CMakeFiles/CMakeTmp/src.c:10:3: error: unknown type name 'pthread_t'
   10 |   pthread_t thread;
      |   ^~~~~~~~~
/home/fp2admin/STM32CubeIDE/workv101/BLINKFTOSv100/bftosv100/mstarch-tmp/prescan/CMakeFiles/CMakeTmp/src.c:11:3: warning: implicit declaration of function 'pthread_create' [-Wimplicit-function-declaration]
   11 |   pthread_create(&thread, NULL, test_func, NULL);
      |   ^~~~~~~~~~~~~~
/home/fp2admin/STM32CubeIDE/workv101/BLINKFTOSv100/bftosv100/mstarch-tmp/prescan/CMakeFiles/CMakeTmp/src.c:12:3: warning: implicit declaration of function 'pthread_detach' [-Wimplicit-function-declaration]
   12 |   pthread_detach(thread);
      |   ^~~~~~~~~~~~~~
/home/fp2admin/STM32CubeIDE/workv101/BLINKFTOSv100/bftosv100/mstarch-tmp/prescan/CMakeFiles/CMakeTmp/src.c:13:3: warning: implicit declaration of function 'pthread_cancel' [-Wimplicit-function-declaration]
   13 |   pthread_cancel(thread);
      |   ^~~~~~~~~~~~~~
/home/fp2admin/STM32CubeIDE/workv101/BLINKFTOSv100/bftosv100/mstarch-tmp/prescan/CMakeFiles/CMakeTmp/src.c:14:3: warning: implicit declaration of function 'pthread_join' [-Wimplicit-function-declaration]
   14 |   pthread_join(thread, NULL);
      |   ^~~~~~~~~~~~
/home/fp2admin/STM32CubeIDE/workv101/BLINKFTOSv100/bftosv100/mstarch-tmp/prescan/CMakeFiles/CMakeTmp/src.c:15:3: warning: implicit declaration of function 'pthread_atfork' [-Wimplicit-function-declaration]
   15 |   pthread_atfork(NULL, NULL, NULL);
      |   ^~~~~~~~~~~~~~
/home/fp2admin/STM32CubeIDE/workv101/BLINKFTOSv100/bftosv100/mstarch-tmp/prescan/CMakeFiles/CMakeTmp/src.c:16:3: warning: implicit declaration of function 'pthread_exit' [-Wimplicit-function-declaration]
   16 |   pthread_exit(NULL);
      |   ^~~~~~~~~~~~
gmake[1]: *** [CMakeFiles/cmTC_80cb9.dir/build.make:78: CMakeFiles/cmTC_80cb9.dir/src.c.obj] Error 1
gmake[1]: Leaving directory '/home/fp2admin/STM32CubeIDE/workv101/BLINKFTOSv100/bftosv100/mstarch-tmp/prescan/CMakeFiles/CMakeTmp'
gmake: *** [Makefile:127: cmTC_80cb9/fast] Error 2


Source file was:
#include <pthread.h>

static void* test_func(void* data)
{
  return data;
}

int main(void)
{
  pthread_t thread;
  pthread_create(&thread, NULL, test_func, NULL);
  pthread_detach(thread);
  pthread_cancel(thread);
  pthread_join(thread, NULL);
  pthread_atfork(NULL, NULL, NULL);
  pthread_exit(NULL);

  return 0;
}

