The target system is: freertosstm32 -  - arm
The host system is: Linux - 6.2.0-26-generic - x86_64
Compiling the C compiler identification source file "CMakeCCompilerId.c" succeeded.
Compiler: /opt/tools/bin/arm-none-eabi-gcc 
Build flags: ;-fdata-sections;-ffunction-sections;;;;;-DUSE_HAL_DRIVER;;;;;-DTGT_OS_TYPE_FREERTOS;;;;;-mcpu=cortex-m7;;;;;-mthumb;;;;;-mfpu=fpv5-sp-d16;;;;;-mfloat-abi=hard;;;;;-DSTM32H743xx;;;;;--specs=nano.specs;-Wl,--gc-sections;;;;;-std=c99
Id flags: -c 

The output was:
0


Compilation of the C compiler identification source "CMakeCCompilerId.c" produced "CMakeCCompilerId.o"

The C compiler identification is GNU, found in "/home/fp2admin/STM32CubeIDE/workv101/BLINKFTOSv100/bftosv100/mstarch-tmp/prescan/CMakeFiles/3.22.1/CompilerIdC/CMakeCCompilerId.o"

Compiling the CXX compiler identification source file "CMakeCXXCompilerId.cpp" succeeded.
Compiler: /opt/tools/bin/arm-none-eabi-g++ 
Build flags: ;-fdata-sections;-ffunction-sections;;;;;-DUSE_HAL_DRIVER;;;;;-DTGT_OS_TYPE_FREERTOS;;;;;-mcpu=cortex-m7;;;;;-mthumb;;;;;-mfpu=fpv5-sp-d16;;;;;-mfloat-abi=hard;;;;;-DSTM32H743xx;;;;;--specs=nano.specs;-Wl,--gc-sections;;;;;-std=c++14;;;;;-fno-rtti;;;;;-fno-exceptions;;;;;-fno-threadsafe-statics
Id flags: -c 

The output was:
0


Compilation of the CXX compiler identification source "CMakeCXXCompilerId.cpp" produced "CMakeCXXCompilerId.o"

The CXX compiler identification is GNU, found in "/home/fp2admin/STM32CubeIDE/workv101/BLINKFTOSv100/bftosv100/mstarch-tmp/prescan/CMakeFiles/3.22.1/CompilerIdCXX/CMakeCXXCompilerId.o"

Determining if the include file pthread.h exists passed with the following output:
Change Dir: /home/fp2admin/STM32CubeIDE/workv101/BLINKFTOSv100/bftosv100/mstarch-tmp/prescan/CMakeFiles/CMakeTmp

Run Build Command(s):/usr/bin/gmake -f Makefile cmTC_040f8/fast && /usr/bin/gmake  -f CMakeFiles/cmTC_040f8.dir/build.make CMakeFiles/cmTC_040f8.dir/build
gmake[1]: Entering directory '/home/fp2admin/STM32CubeIDE/workv101/BLINKFTOSv100/bftosv100/mstarch-tmp/prescan/CMakeFiles/CMakeTmp'
Building C object CMakeFiles/cmTC_040f8.dir/CheckIncludeFile.c.obj
/opt/tools/bin/arm-none-eabi-gcc   -fdata-sections -ffunction-sections     -DUSE_HAL_DRIVER     -DTGT_OS_TYPE_FREERTOS     -mcpu=cortex-m7     -mthumb     -mfpu=fpv5-sp-d16     -mfloat-abi=hard     -DSTM32H743xx     --specs=nano.specs -Wl,--gc-sections     -std=c99  -std=c99 -o CMakeFiles/cmTC_040f8.dir/CheckIncludeFile.c.obj -c /home/fp2admin/STM32CubeIDE/workv101/BLINKFTOSv100/bftosv100/mstarch-tmp/prescan/CMakeFiles/CMakeTmp/CheckIncludeFile.c
Linking C static library libcmTC_040f8.a
/usr/bin/cmake -P CMakeFiles/cmTC_040f8.dir/cmake_clean_target.cmake
/usr/bin/cmake -E cmake_link_script CMakeFiles/cmTC_040f8.dir/link.txt --verbose=1
/opt/tools/bin/arm-none-eabi-ar qc libcmTC_040f8.a CMakeFiles/cmTC_040f8.dir/CheckIncludeFile.c.obj
/opt/tools/bin/arm-none-eabi-ranlib libcmTC_040f8.a
gmake[1]: Leaving directory '/home/fp2admin/STM32CubeIDE/workv101/BLINKFTOSv100/bftosv100/mstarch-tmp/prescan/CMakeFiles/CMakeTmp'



Determining if the function pthread_create exists in the pthreads passed with the following output:
Change Dir: /home/fp2admin/STM32CubeIDE/workv101/BLINKFTOSv100/bftosv100/mstarch-tmp/prescan/CMakeFiles/CMakeTmp

Run Build Command(s):/usr/bin/gmake -f Makefile cmTC_c04e4/fast && /usr/bin/gmake  -f CMakeFiles/cmTC_c04e4.dir/build.make CMakeFiles/cmTC_c04e4.dir/build
gmake[1]: Entering directory '/home/fp2admin/STM32CubeIDE/workv101/BLINKFTOSv100/bftosv100/mstarch-tmp/prescan/CMakeFiles/CMakeTmp'
Building C object CMakeFiles/cmTC_c04e4.dir/CheckFunctionExists.c.obj
/opt/tools/bin/arm-none-eabi-gcc   -fdata-sections -ffunction-sections     -DUSE_HAL_DRIVER     -DTGT_OS_TYPE_FREERTOS     -mcpu=cortex-m7     -mthumb     -mfpu=fpv5-sp-d16     -mfloat-abi=hard     -DSTM32H743xx     --specs=nano.specs -Wl,--gc-sections     -std=c99 -DCHECK_FUNCTION_EXISTS=pthread_create -std=c99 -o CMakeFiles/cmTC_c04e4.dir/CheckFunctionExists.c.obj -c /usr/share/cmake-3.22/Modules/CheckFunctionExists.c
Linking C static library libcmTC_c04e4.a
/usr/bin/cmake -P CMakeFiles/cmTC_c04e4.dir/cmake_clean_target.cmake
/usr/bin/cmake -E cmake_link_script CMakeFiles/cmTC_c04e4.dir/link.txt --verbose=1
/opt/tools/bin/arm-none-eabi-ar qc libcmTC_c04e4.a CMakeFiles/cmTC_c04e4.dir/CheckFunctionExists.c.obj
/opt/tools/bin/arm-none-eabi-ranlib libcmTC_c04e4.a
gmake[1]: Leaving directory '/home/fp2admin/STM32CubeIDE/workv101/BLINKFTOSv100/bftosv100/mstarch-tmp/prescan/CMakeFiles/CMakeTmp'



